2020-08-01 10:43:37,023 ERROR frappe Could not take error snapshot: (1045, "Access denied for user '_faa3735edf87bd2f'@'localhost' (using password: YES)")
Site: erpnext_dev
Form Dict: {'doctype': 'Item', 'filters': '{"disabled":0}', 'fields': '["count( `tabItem`.`name`) AS total_count"]'}
Traceback (most recent call last):
  File "/home/frappe01/ERPNext/apps/frappe/frappe/app.py", line 54, in application
    init_request(request)
  File "/home/frappe01/ERPNext/apps/frappe/frappe/app.py", line 136, in init_request
    frappe.local.http_request = frappe.auth.HTTPRequest()
  File "/home/frappe01/ERPNext/apps/frappe/frappe/auth.py", line 51, in __init__
    frappe.local.login_manager = LoginManager()
  File "/home/frappe01/ERPNext/apps/frappe/frappe/auth.py", line 113, in __init__
    self.make_session(resume=True)
  File "/home/frappe01/ERPNext/apps/frappe/frappe/auth.py", line 194, in make_session
    full_name=self.full_name, user_type=self.user_type)
  File "/home/frappe01/ERPNext/apps/frappe/frappe/sessions.py", line 197, in __init__
    self.resume()
  File "/home/frappe01/ERPNext/apps/frappe/frappe/sessions.py", line 264, in resume
    validate_ip_address(self.user)
  File "/home/frappe01/ERPNext/apps/frappe/frappe/auth.py", line 413, in validate_ip_address
    user = frappe.get_cached_doc("User", user) if not frappe.flags.in_test else frappe.get_doc("User", user)
  File "/home/frappe01/ERPNext/apps/frappe/frappe/__init__.py", line 728, in get_cached_doc
    doc = get_doc(*args, **kwargs)
  File "/home/frappe01/ERPNext/apps/frappe/frappe/__init__.py", line 771, in get_doc
    doc = frappe.model.document.get_doc(*args, **kwargs)
  File "/home/frappe01/ERPNext/apps/frappe/frappe/model/document.py", line 71, in get_doc
    return controller(*args, **kwargs)
  File "/home/frappe01/ERPNext/apps/frappe/frappe/model/document.py", line 106, in __init__
    self.load_from_db()
  File "/home/frappe01/ERPNext/apps/frappe/frappe/model/document.py", line 135, in load_from_db
    if not getattr(self, "_metaclass", False) and self.meta.issingle:
  File "/home/frappe01/ERPNext/apps/frappe/frappe/model/base_document.py", line 78, in meta
    self._meta = frappe.get_meta(self.doctype)
  File "/home/frappe01/ERPNext/apps/frappe/frappe/__init__.py", line 796, in get_meta
    return frappe.model.meta.get_meta(doctype, cached=cached)
  File "/home/frappe01/ERPNext/apps/frappe/frappe/model/meta.py", line 37, in get_meta
    meta = Meta(doctype)
  File "/home/frappe01/ERPNext/apps/frappe/frappe/model/meta.py", line 83, in __init__
    super(Meta, self).__init__("DocType", doctype)
  File "/home/frappe01/ERPNext/apps/frappe/frappe/model/document.py", line 106, in __init__
    self.load_from_db()
  File "/home/frappe01/ERPNext/apps/frappe/frappe/model/meta.py", line 88, in load_from_db
    super(Meta, self).load_from_db()
  File "/home/frappe01/ERPNext/apps/frappe/frappe/model/document.py", line 147, in load_from_db
    d = frappe.db.get_value(self.doctype, self.name, "*", as_dict=1)
  File "/home/frappe01/ERPNext/apps/frappe/frappe/database/database.py", line 408, in get_value
    order_by, cache=cache)
  File "/home/frappe01/ERPNext/apps/frappe/frappe/database/database.py", line 452, in get_values
    out = self._get_values_from_table(fields, filters, doctype, as_dict, debug, order_by, update)
  File "/home/frappe01/ERPNext/apps/frappe/frappe/database/database.py", line 599, in _get_values_from_table
    as_dict=as_dict, debug=debug, update=update)
  File "/home/frappe01/ERPNext/apps/frappe/frappe/database/database.py", line 122, in sql
    self.connect()
  File "/home/frappe01/ERPNext/apps/frappe/frappe/database/database.py", line 75, in connect
    self._conn = self.get_connection()
  File "/home/frappe01/ERPNext/apps/frappe/frappe/database/mariadb/database.py", line 91, in get_connection
    local_infile = frappe.conf.local_infile)
  File "/home/frappe01/ERPNext/env/lib/python3.6/site-packages/pymysql/__init__.py", line 94, in Connect
    return Connection(*args, **kwargs)
  File "/home/frappe01/ERPNext/env/lib/python3.6/site-packages/pymysql/connections.py", line 325, in __init__
    self.connect()
  File "/home/frappe01/ERPNext/env/lib/python3.6/site-packages/pymysql/connections.py", line 599, in connect
    self._request_authentication()
  File "/home/frappe01/ERPNext/env/lib/python3.6/site-packages/pymysql/connections.py", line 861, in _request_authentication
    auth_packet = self._read_packet()
  File "/home/frappe01/ERPNext/env/lib/python3.6/site-packages/pymysql/connections.py", line 684, in _read_packet
    packet.check_error()
  File "/home/frappe01/ERPNext/env/lib/python3.6/site-packages/pymysql/protocol.py", line 220, in check_error
    err.raise_mysql_exception(self._data)
  File "/home/frappe01/ERPNext/env/lib/python3.6/site-packages/pymysql/err.py", line 109, in raise_mysql_exception
    raise errorclass(errno, errval)
pymysql.err.OperationalError: (1045, "Access denied for user '_faa3735edf87bd2f'@'localhost' (using password: YES)")

During handling of the above exception, another exception occurred:

Traceback (most recent call last):
  File "/home/frappe01/ERPNext/apps/frappe/frappe/utils/error.py", line 36, in make_error_snapshot
    snapshot = get_snapshot(exception)
  File "/home/frappe01/ERPNext/apps/frappe/frappe/utils/error.py", line 92, in get_snapshot
    vars = cgitb.scanvars(reader, frame, locals)
  File "/usr/lib/python3.6/cgitb.py", line 88, in scanvars
    value = getattr(parent, token, __UNDEF__)
  File "/home/frappe01/ERPNext/apps/frappe/frappe/model/base_document.py", line 78, in meta
    self._meta = frappe.get_meta(self.doctype)
  File "/home/frappe01/ERPNext/apps/frappe/frappe/__init__.py", line 796, in get_meta
    return frappe.model.meta.get_meta(doctype, cached=cached)
  File "/home/frappe01/ERPNext/apps/frappe/frappe/model/meta.py", line 37, in get_meta
    meta = Meta(doctype)
  File "/home/frappe01/ERPNext/apps/frappe/frappe/model/meta.py", line 83, in __init__
    super(Meta, self).__init__("DocType", doctype)
  File "/home/frappe01/ERPNext/apps/frappe/frappe/model/document.py", line 106, in __init__
    self.load_from_db()
  File "/home/frappe01/ERPNext/apps/frappe/frappe/model/meta.py", line 88, in load_from_db
    super(Meta, self).load_from_db()
  File "/home/frappe01/ERPNext/apps/frappe/frappe/model/document.py", line 147, in load_from_db
    d = frappe.db.get_value(self.doctype, self.name, "*", as_dict=1)
  File "/home/frappe01/ERPNext/apps/frappe/frappe/database/database.py", line 408, in get_value
    order_by, cache=cache)
  File "/home/frappe01/ERPNext/apps/frappe/frappe/database/database.py", line 452, in get_values
    out = self._get_values_from_table(fields, filters, doctype, as_dict, debug, order_by, update)
  File "/home/frappe01/ERPNext/apps/frappe/frappe/database/database.py", line 599, in _get_values_from_table
    as_dict=as_dict, debug=debug, update=update)
  File "/home/frappe01/ERPNext/apps/frappe/frappe/database/database.py", line 122, in sql
    self.connect()
  File "/home/frappe01/ERPNext/apps/frappe/frappe/database/database.py", line 75, in connect
    self._conn = self.get_connection()
  File "/home/frappe01/ERPNext/apps/frappe/frappe/database/mariadb/database.py", line 91, in get_connection
    local_infile = frappe.conf.local_infile)
  File "/home/frappe01/ERPNext/env/lib/python3.6/site-packages/pymysql/__init__.py", line 94, in Connect
    return Connection(*args, **kwargs)
  File "/home/frappe01/ERPNext/env/lib/python3.6/site-packages/pymysql/connections.py", line 325, in __init__
    self.connect()
  File "/home/frappe01/ERPNext/env/lib/python3.6/site-packages/pymysql/connections.py", line 599, in connect
    self._request_authentication()
  File "/home/frappe01/ERPNext/env/lib/python3.6/site-packages/pymysql/connections.py", line 861, in _request_authentication
    auth_packet = self._read_packet()
  File "/home/frappe01/ERPNext/env/lib/python3.6/site-packages/pymysql/connections.py", line 684, in _read_packet
    packet.check_error()
  File "/home/frappe01/ERPNext/env/lib/python3.6/site-packages/pymysql/protocol.py", line 220, in check_error
    err.raise_mysql_exception(self._data)
  File "/home/frappe01/ERPNext/env/lib/python3.6/site-packages/pymysql/err.py", line 109, in raise_mysql_exception
    raise errorclass(errno, errval)
pymysql.err.OperationalError: (1045, "Access denied for user '_faa3735edf87bd2f'@'localhost' (using password: YES)")
2020-08-01 10:43:37,037 ERROR frappe Could not take error snapshot: (1045, "Access denied for user '_faa3735edf87bd2f'@'localhost' (using password: YES)")
Site: erpnext_dev
Form Dict: {'doctype': 'Material Request', 'filters': '{"company":["like","%insphere%"],"status":"Pending"}', 'fields': '["count( `tabMaterial Request`.`name`) AS total_count"]'}
Traceback (most recent call last):
  File "/home/frappe01/ERPNext/apps/frappe/frappe/app.py", line 54, in application
    init_request(request)
  File "/home/frappe01/ERPNext/apps/frappe/frappe/app.py", line 136, in init_request
    frappe.local.http_request = frappe.auth.HTTPRequest()
  File "/home/frappe01/ERPNext/apps/frappe/frappe/auth.py", line 51, in __init__
    frappe.local.login_manager = LoginManager()
  File "/home/frappe01/ERPNext/apps/frappe/frappe/auth.py", line 113, in __init__
    self.make_session(resume=True)
  File "/home/frappe01/ERPNext/apps/frappe/frappe/auth.py", line 194, in make_session
    full_name=self.full_name, user_type=self.user_type)
  File "/home/frappe01/ERPNext/apps/frappe/frappe/sessions.py", line 197, in __init__
    self.resume()
  File "/home/frappe01/ERPNext/apps/frappe/frappe/sessions.py", line 264, in resume
    validate_ip_address(self.user)
  File "/home/frappe01/ERPNext/apps/frappe/frappe/auth.py", line 413, in validate_ip_address
    user = frappe.get_cached_doc("User", user) if not frappe.flags.in_test else frappe.get_doc("User", user)
  File "/home/frappe01/ERPNext/apps/frappe/frappe/__init__.py", line 728, in get_cached_doc
    doc = get_doc(*args, **kwargs)
  File "/home/frappe01/ERPNext/apps/frappe/frappe/__init__.py", line 771, in get_doc
    doc = frappe.model.document.get_doc(*args, **kwargs)
  File "/home/frappe01/ERPNext/apps/frappe/frappe/model/document.py", line 71, in get_doc
    return controller(*args, **kwargs)
  File "/home/frappe01/ERPNext/apps/frappe/frappe/model/document.py", line 106, in __init__
    self.load_from_db()
  File "/home/frappe01/ERPNext/apps/frappe/frappe/model/document.py", line 135, in load_from_db
    if not getattr(self, "_metaclass", False) and self.meta.issingle:
  File "/home/frappe01/ERPNext/apps/frappe/frappe/model/base_document.py", line 78, in meta
    self._meta = frappe.get_meta(self.doctype)
  File "/home/frappe01/ERPNext/apps/frappe/frappe/__init__.py", line 796, in get_meta
    return frappe.model.meta.get_meta(doctype, cached=cached)
  File "/home/frappe01/ERPNext/apps/frappe/frappe/model/meta.py", line 37, in get_meta
    meta = Meta(doctype)
  File "/home/frappe01/ERPNext/apps/frappe/frappe/model/meta.py", line 83, in __init__
    super(Meta, self).__init__("DocType", doctype)
  File "/home/frappe01/ERPNext/apps/frappe/frappe/model/document.py", line 106, in __init__
    self.load_from_db()
  File "/home/frappe01/ERPNext/apps/frappe/frappe/model/meta.py", line 88, in load_from_db
    super(Meta, self).load_from_db()
  File "/home/frappe01/ERPNext/apps/frappe/frappe/model/document.py", line 147, in load_from_db
    d = frappe.db.get_value(self.doctype, self.name, "*", as_dict=1)
  File "/home/frappe01/ERPNext/apps/frappe/frappe/database/database.py", line 408, in get_value
    order_by, cache=cache)
  File "/home/frappe01/ERPNext/apps/frappe/frappe/database/database.py", line 452, in get_values
    out = self._get_values_from_table(fields, filters, doctype, as_dict, debug, order_by, update)
  File "/home/frappe01/ERPNext/apps/frappe/frappe/database/database.py", line 599, in _get_values_from_table
    as_dict=as_dict, debug=debug, update=update)
  File "/home/frappe01/ERPNext/apps/frappe/frappe/database/database.py", line 122, in sql
    self.connect()
  File "/home/frappe01/ERPNext/apps/frappe/frappe/database/database.py", line 75, in connect
    self._conn = self.get_connection()
  File "/home/frappe01/ERPNext/apps/frappe/frappe/database/mariadb/database.py", line 91, in get_connection
    local_infile = frappe.conf.local_infile)
  File "/home/frappe01/ERPNext/env/lib/python3.6/site-packages/pymysql/__init__.py", line 94, in Connect
    return Connection(*args, **kwargs)
  File "/home/frappe01/ERPNext/env/lib/python3.6/site-packages/pymysql/connections.py", line 325, in __init__
    self.connect()
  File "/home/frappe01/ERPNext/env/lib/python3.6/site-packages/pymysql/connections.py", line 599, in connect
    self._request_authentication()
  File "/home/frappe01/ERPNext/env/lib/python3.6/site-packages/pymysql/connections.py", line 861, in _request_authentication
    auth_packet = self._read_packet()
  File "/home/frappe01/ERPNext/env/lib/python3.6/site-packages/pymysql/connections.py", line 684, in _read_packet
    packet.check_error()
  File "/home/frappe01/ERPNext/env/lib/python3.6/site-packages/pymysql/protocol.py", line 220, in check_error
    err.raise_mysql_exception(self._data)
  File "/home/frappe01/ERPNext/env/lib/python3.6/site-packages/pymysql/err.py", line 109, in raise_mysql_exception
    raise errorclass(errno, errval)
pymysql.err.OperationalError: (1045, "Access denied for user '_faa3735edf87bd2f'@'localhost' (using password: YES)")

During handling of the above exception, another exception occurred:

Traceback (most recent call last):
  File "/home/frappe01/ERPNext/apps/frappe/frappe/utils/error.py", line 36, in make_error_snapshot
    snapshot = get_snapshot(exception)
  File "/home/frappe01/ERPNext/apps/frappe/frappe/utils/error.py", line 92, in get_snapshot
    vars = cgitb.scanvars(reader, frame, locals)
  File "/usr/lib/python3.6/cgitb.py", line 88, in scanvars
    value = getattr(parent, token, __UNDEF__)
  File "/home/frappe01/ERPNext/apps/frappe/frappe/model/base_document.py", line 78, in meta
    self._meta = frappe.get_meta(self.doctype)
  File "/home/frappe01/ERPNext/apps/frappe/frappe/__init__.py", line 796, in get_meta
    return frappe.model.meta.get_meta(doctype, cached=cached)
  File "/home/frappe01/ERPNext/apps/frappe/frappe/model/meta.py", line 37, in get_meta
    meta = Meta(doctype)
  File "/home/frappe01/ERPNext/apps/frappe/frappe/model/meta.py", line 83, in __init__
    super(Meta, self).__init__("DocType", doctype)
  File "/home/frappe01/ERPNext/apps/frappe/frappe/model/document.py", line 106, in __init__
    self.load_from_db()
  File "/home/frappe01/ERPNext/apps/frappe/frappe/model/meta.py", line 88, in load_from_db
    super(Meta, self).load_from_db()
  File "/home/frappe01/ERPNext/apps/frappe/frappe/model/document.py", line 147, in load_from_db
    d = frappe.db.get_value(self.doctype, self.name, "*", as_dict=1)
  File "/home/frappe01/ERPNext/apps/frappe/frappe/database/database.py", line 408, in get_value
    order_by, cache=cache)
  File "/home/frappe01/ERPNext/apps/frappe/frappe/database/database.py", line 452, in get_values
    out = self._get_values_from_table(fields, filters, doctype, as_dict, debug, order_by, update)
  File "/home/frappe01/ERPNext/apps/frappe/frappe/database/database.py", line 599, in _get_values_from_table
    as_dict=as_dict, debug=debug, update=update)
  File "/home/frappe01/ERPNext/apps/frappe/frappe/database/database.py", line 122, in sql
    self.connect()
  File "/home/frappe01/ERPNext/apps/frappe/frappe/database/database.py", line 75, in connect
    self._conn = self.get_connection()
  File "/home/frappe01/ERPNext/apps/frappe/frappe/database/mariadb/database.py", line 91, in get_connection
    local_infile = frappe.conf.local_infile)
  File "/home/frappe01/ERPNext/env/lib/python3.6/site-packages/pymysql/__init__.py", line 94, in Connect
    return Connection(*args, **kwargs)
  File "/home/frappe01/ERPNext/env/lib/python3.6/site-packages/pymysql/connections.py", line 325, in __init__
    self.connect()
  File "/home/frappe01/ERPNext/env/lib/python3.6/site-packages/pymysql/connections.py", line 599, in connect
    self._request_authentication()
  File "/home/frappe01/ERPNext/env/lib/python3.6/site-packages/pymysql/connections.py", line 861, in _request_authentication
    auth_packet = self._read_packet()
  File "/home/frappe01/ERPNext/env/lib/python3.6/site-packages/pymysql/connections.py", line 684, in _read_packet
    packet.check_error()
  File "/home/frappe01/ERPNext/env/lib/python3.6/site-packages/pymysql/protocol.py", line 220, in check_error
    err.raise_mysql_exception(self._data)
  File "/home/frappe01/ERPNext/env/lib/python3.6/site-packages/pymysql/err.py", line 109, in raise_mysql_exception
    raise errorclass(errno, errval)
pymysql.err.OperationalError: (1045, "Access denied for user '_faa3735edf87bd2f'@'localhost' (using password: YES)")
2020-08-01 10:43:37,038 ERROR frappe Could not take error snapshot: (1045, "Access denied for user '_faa3735edf87bd2f'@'localhost' (using password: YES)")
Site: erpnext_dev
Form Dict: {'doctype': 'Delivery Note', 'filters': '{"company":["like","%insphere%"],"status":"To Bill"}', 'fields': '["count( `tabDelivery Note`.`name`) AS total_count"]'}
Traceback (most recent call last):
  File "/home/frappe01/ERPNext/apps/frappe/frappe/app.py", line 54, in application
    init_request(request)
  File "/home/frappe01/ERPNext/apps/frappe/frappe/app.py", line 136, in init_request
    frappe.local.http_request = frappe.auth.HTTPRequest()
  File "/home/frappe01/ERPNext/apps/frappe/frappe/auth.py", line 51, in __init__
    frappe.local.login_manager = LoginManager()
  File "/home/frappe01/ERPNext/apps/frappe/frappe/auth.py", line 113, in __init__
    self.make_session(resume=True)
  File "/home/frappe01/ERPNext/apps/frappe/frappe/auth.py", line 194, in make_session
    full_name=self.full_name, user_type=self.user_type)
  File "/home/frappe01/ERPNext/apps/frappe/frappe/sessions.py", line 197, in __init__
    self.resume()
  File "/home/frappe01/ERPNext/apps/frappe/frappe/sessions.py", line 264, in resume
    validate_ip_address(self.user)
  File "/home/frappe01/ERPNext/apps/frappe/frappe/auth.py", line 413, in validate_ip_address
    user = frappe.get_cached_doc("User", user) if not frappe.flags.in_test else frappe.get_doc("User", user)
  File "/home/frappe01/ERPNext/apps/frappe/frappe/__init__.py", line 728, in get_cached_doc
    doc = get_doc(*args, **kwargs)
  File "/home/frappe01/ERPNext/apps/frappe/frappe/__init__.py", line 771, in get_doc
    doc = frappe.model.document.get_doc(*args, **kwargs)
  File "/home/frappe01/ERPNext/apps/frappe/frappe/model/document.py", line 71, in get_doc
    return controller(*args, **kwargs)
  File "/home/frappe01/ERPNext/apps/frappe/frappe/model/document.py", line 106, in __init__
    self.load_from_db()
  File "/home/frappe01/ERPNext/apps/frappe/frappe/model/document.py", line 135, in load_from_db
    if not getattr(self, "_metaclass", False) and self.meta.issingle:
  File "/home/frappe01/ERPNext/apps/frappe/frappe/model/base_document.py", line 78, in meta
    self._meta = frappe.get_meta(self.doctype)
  File "/home/frappe01/ERPNext/apps/frappe/frappe/__init__.py", line 796, in get_meta
    return frappe.model.meta.get_meta(doctype, cached=cached)
  File "/home/frappe01/ERPNext/apps/frappe/frappe/model/meta.py", line 37, in get_meta
    meta = Meta(doctype)
  File "/home/frappe01/ERPNext/apps/frappe/frappe/model/meta.py", line 83, in __init__
    super(Meta, self).__init__("DocType", doctype)
  File "/home/frappe01/ERPNext/apps/frappe/frappe/model/document.py", line 106, in __init__
    self.load_from_db()
  File "/home/frappe01/ERPNext/apps/frappe/frappe/model/meta.py", line 88, in load_from_db
    super(Meta, self).load_from_db()
  File "/home/frappe01/ERPNext/apps/frappe/frappe/model/document.py", line 147, in load_from_db
    d = frappe.db.get_value(self.doctype, self.name, "*", as_dict=1)
  File "/home/frappe01/ERPNext/apps/frappe/frappe/database/database.py", line 408, in get_value
    order_by, cache=cache)
  File "/home/frappe01/ERPNext/apps/frappe/frappe/database/database.py", line 452, in get_values
    out = self._get_values_from_table(fields, filters, doctype, as_dict, debug, order_by, update)
  File "/home/frappe01/ERPNext/apps/frappe/frappe/database/database.py", line 599, in _get_values_from_table
    as_dict=as_dict, debug=debug, update=update)
  File "/home/frappe01/ERPNext/apps/frappe/frappe/database/database.py", line 122, in sql
    self.connect()
  File "/home/frappe01/ERPNext/apps/frappe/frappe/database/database.py", line 75, in connect
    self._conn = self.get_connection()
  File "/home/frappe01/ERPNext/apps/frappe/frappe/database/mariadb/database.py", line 91, in get_connection
    local_infile = frappe.conf.local_infile)
  File "/home/frappe01/ERPNext/env/lib/python3.6/site-packages/pymysql/__init__.py", line 94, in Connect
    return Connection(*args, **kwargs)
  File "/home/frappe01/ERPNext/env/lib/python3.6/site-packages/pymysql/connections.py", line 325, in __init__
    self.connect()
  File "/home/frappe01/ERPNext/env/lib/python3.6/site-packages/pymysql/connections.py", line 599, in connect
    self._request_authentication()
  File "/home/frappe01/ERPNext/env/lib/python3.6/site-packages/pymysql/connections.py", line 861, in _request_authentication
    auth_packet = self._read_packet()
  File "/home/frappe01/ERPNext/env/lib/python3.6/site-packages/pymysql/connections.py", line 684, in _read_packet
    packet.check_error()
  File "/home/frappe01/ERPNext/env/lib/python3.6/site-packages/pymysql/protocol.py", line 220, in check_error
    err.raise_mysql_exception(self._data)
  File "/home/frappe01/ERPNext/env/lib/python3.6/site-packages/pymysql/err.py", line 109, in raise_mysql_exception
    raise errorclass(errno, errval)
pymysql.err.OperationalError: (1045, "Access denied for user '_faa3735edf87bd2f'@'localhost' (using password: YES)")

During handling of the above exception, another exception occurred:

Traceback (most recent call last):
  File "/home/frappe01/ERPNext/apps/frappe/frappe/utils/error.py", line 36, in make_error_snapshot
    snapshot = get_snapshot(exception)
  File "/home/frappe01/ERPNext/apps/frappe/frappe/utils/error.py", line 92, in get_snapshot
    vars = cgitb.scanvars(reader, frame, locals)
  File "/usr/lib/python3.6/cgitb.py", line 88, in scanvars
    value = getattr(parent, token, __UNDEF__)
  File "/home/frappe01/ERPNext/apps/frappe/frappe/model/base_document.py", line 78, in meta
    self._meta = frappe.get_meta(self.doctype)
  File "/home/frappe01/ERPNext/apps/frappe/frappe/__init__.py", line 796, in get_meta
    return frappe.model.meta.get_meta(doctype, cached=cached)
  File "/home/frappe01/ERPNext/apps/frappe/frappe/model/meta.py", line 37, in get_meta
    meta = Meta(doctype)
  File "/home/frappe01/ERPNext/apps/frappe/frappe/model/meta.py", line 83, in __init__
    super(Meta, self).__init__("DocType", doctype)
  File "/home/frappe01/ERPNext/apps/frappe/frappe/model/document.py", line 106, in __init__
    self.load_from_db()
  File "/home/frappe01/ERPNext/apps/frappe/frappe/model/meta.py", line 88, in load_from_db
    super(Meta, self).load_from_db()
  File "/home/frappe01/ERPNext/apps/frappe/frappe/model/document.py", line 147, in load_from_db
    d = frappe.db.get_value(self.doctype, self.name, "*", as_dict=1)
  File "/home/frappe01/ERPNext/apps/frappe/frappe/database/database.py", line 408, in get_value
    order_by, cache=cache)
  File "/home/frappe01/ERPNext/apps/frappe/frappe/database/database.py", line 452, in get_values
    out = self._get_values_from_table(fields, filters, doctype, as_dict, debug, order_by, update)
  File "/home/frappe01/ERPNext/apps/frappe/frappe/database/database.py", line 599, in _get_values_from_table
    as_dict=as_dict, debug=debug, update=update)
  File "/home/frappe01/ERPNext/apps/frappe/frappe/database/database.py", line 122, in sql
    self.connect()
  File "/home/frappe01/ERPNext/apps/frappe/frappe/database/database.py", line 75, in connect
    self._conn = self.get_connection()
  File "/home/frappe01/ERPNext/apps/frappe/frappe/database/mariadb/database.py", line 91, in get_connection
    local_infile = frappe.conf.local_infile)
  File "/home/frappe01/ERPNext/env/lib/python3.6/site-packages/pymysql/__init__.py", line 94, in Connect
    return Connection(*args, **kwargs)
  File "/home/frappe01/ERPNext/env/lib/python3.6/site-packages/pymysql/connections.py", line 325, in __init__
    self.connect()
  File "/home/frappe01/ERPNext/env/lib/python3.6/site-packages/pymysql/connections.py", line 599, in connect
    self._request_authentication()
  File "/home/frappe01/ERPNext/env/lib/python3.6/site-packages/pymysql/connections.py", line 861, in _request_authentication
    auth_packet = self._read_packet()
  File "/home/frappe01/ERPNext/env/lib/python3.6/site-packages/pymysql/connections.py", line 684, in _read_packet
    packet.check_error()
  File "/home/frappe01/ERPNext/env/lib/python3.6/site-packages/pymysql/protocol.py", line 220, in check_error
    err.raise_mysql_exception(self._data)
  File "/home/frappe01/ERPNext/env/lib/python3.6/site-packages/pymysql/err.py", line 109, in raise_mysql_exception
    raise errorclass(errno, errval)
pymysql.err.OperationalError: (1045, "Access denied for user '_faa3735edf87bd2f'@'localhost' (using password: YES)")
2020-08-01 10:43:47,503 ERROR frappe Could not take error snapshot: (1045, "Access denied for user '_faa3735edf87bd2f'@'localhost' (using password: YES)")
Site: erpnext_dev
Form Dict: {'doctype': 'Route History', 'records': '[{"user":"Administrator","creation":"2020-08-01 10:43:36","route":"workspace/Stock"}]'}
Traceback (most recent call last):
  File "/home/frappe01/ERPNext/apps/frappe/frappe/app.py", line 54, in application
    init_request(request)
  File "/home/frappe01/ERPNext/apps/frappe/frappe/app.py", line 136, in init_request
    frappe.local.http_request = frappe.auth.HTTPRequest()
  File "/home/frappe01/ERPNext/apps/frappe/frappe/auth.py", line 51, in __init__
    frappe.local.login_manager = LoginManager()
  File "/home/frappe01/ERPNext/apps/frappe/frappe/auth.py", line 113, in __init__
    self.make_session(resume=True)
  File "/home/frappe01/ERPNext/apps/frappe/frappe/auth.py", line 194, in make_session
    full_name=self.full_name, user_type=self.user_type)
  File "/home/frappe01/ERPNext/apps/frappe/frappe/sessions.py", line 197, in __init__
    self.resume()
  File "/home/frappe01/ERPNext/apps/frappe/frappe/sessions.py", line 264, in resume
    validate_ip_address(self.user)
  File "/home/frappe01/ERPNext/apps/frappe/frappe/auth.py", line 413, in validate_ip_address
    user = frappe.get_cached_doc("User", user) if not frappe.flags.in_test else frappe.get_doc("User", user)
  File "/home/frappe01/ERPNext/apps/frappe/frappe/__init__.py", line 728, in get_cached_doc
    doc = get_doc(*args, **kwargs)
  File "/home/frappe01/ERPNext/apps/frappe/frappe/__init__.py", line 771, in get_doc
    doc = frappe.model.document.get_doc(*args, **kwargs)
  File "/home/frappe01/ERPNext/apps/frappe/frappe/model/document.py", line 71, in get_doc
    return controller(*args, **kwargs)
  File "/home/frappe01/ERPNext/apps/frappe/frappe/model/document.py", line 106, in __init__
    self.load_from_db()
  File "/home/frappe01/ERPNext/apps/frappe/frappe/model/document.py", line 135, in load_from_db
    if not getattr(self, "_metaclass", False) and self.meta.issingle:
  File "/home/frappe01/ERPNext/apps/frappe/frappe/model/base_document.py", line 78, in meta
    self._meta = frappe.get_meta(self.doctype)
  File "/home/frappe01/ERPNext/apps/frappe/frappe/__init__.py", line 796, in get_meta
    return frappe.model.meta.get_meta(doctype, cached=cached)
  File "/home/frappe01/ERPNext/apps/frappe/frappe/model/meta.py", line 37, in get_meta
    meta = Meta(doctype)
  File "/home/frappe01/ERPNext/apps/frappe/frappe/model/meta.py", line 83, in __init__
    super(Meta, self).__init__("DocType", doctype)
  File "/home/frappe01/ERPNext/apps/frappe/frappe/model/document.py", line 106, in __init__
    self.load_from_db()
  File "/home/frappe01/ERPNext/apps/frappe/frappe/model/meta.py", line 88, in load_from_db
    super(Meta, self).load_from_db()
  File "/home/frappe01/ERPNext/apps/frappe/frappe/model/document.py", line 147, in load_from_db
    d = frappe.db.get_value(self.doctype, self.name, "*", as_dict=1)
  File "/home/frappe01/ERPNext/apps/frappe/frappe/database/database.py", line 408, in get_value
    order_by, cache=cache)
  File "/home/frappe01/ERPNext/apps/frappe/frappe/database/database.py", line 452, in get_values
    out = self._get_values_from_table(fields, filters, doctype, as_dict, debug, order_by, update)
  File "/home/frappe01/ERPNext/apps/frappe/frappe/database/database.py", line 599, in _get_values_from_table
    as_dict=as_dict, debug=debug, update=update)
  File "/home/frappe01/ERPNext/apps/frappe/frappe/database/database.py", line 122, in sql
    self.connect()
  File "/home/frappe01/ERPNext/apps/frappe/frappe/database/database.py", line 75, in connect
    self._conn = self.get_connection()
  File "/home/frappe01/ERPNext/apps/frappe/frappe/database/mariadb/database.py", line 91, in get_connection
    local_infile = frappe.conf.local_infile)
  File "/home/frappe01/ERPNext/env/lib/python3.6/site-packages/pymysql/__init__.py", line 94, in Connect
    return Connection(*args, **kwargs)
  File "/home/frappe01/ERPNext/env/lib/python3.6/site-packages/pymysql/connections.py", line 325, in __init__
    self.connect()
  File "/home/frappe01/ERPNext/env/lib/python3.6/site-packages/pymysql/connections.py", line 599, in connect
    self._request_authentication()
  File "/home/frappe01/ERPNext/env/lib/python3.6/site-packages/pymysql/connections.py", line 861, in _request_authentication
    auth_packet = self._read_packet()
  File "/home/frappe01/ERPNext/env/lib/python3.6/site-packages/pymysql/connections.py", line 684, in _read_packet
    packet.check_error()
  File "/home/frappe01/ERPNext/env/lib/python3.6/site-packages/pymysql/protocol.py", line 220, in check_error
    err.raise_mysql_exception(self._data)
  File "/home/frappe01/ERPNext/env/lib/python3.6/site-packages/pymysql/err.py", line 109, in raise_mysql_exception
    raise errorclass(errno, errval)
pymysql.err.OperationalError: (1045, "Access denied for user '_faa3735edf87bd2f'@'localhost' (using password: YES)")

During handling of the above exception, another exception occurred:

Traceback (most recent call last):
  File "/home/frappe01/ERPNext/apps/frappe/frappe/utils/error.py", line 36, in make_error_snapshot
    snapshot = get_snapshot(exception)
  File "/home/frappe01/ERPNext/apps/frappe/frappe/utils/error.py", line 92, in get_snapshot
    vars = cgitb.scanvars(reader, frame, locals)
  File "/usr/lib/python3.6/cgitb.py", line 88, in scanvars
    value = getattr(parent, token, __UNDEF__)
  File "/home/frappe01/ERPNext/apps/frappe/frappe/model/base_document.py", line 78, in meta
    self._meta = frappe.get_meta(self.doctype)
  File "/home/frappe01/ERPNext/apps/frappe/frappe/__init__.py", line 796, in get_meta
    return frappe.model.meta.get_meta(doctype, cached=cached)
  File "/home/frappe01/ERPNext/apps/frappe/frappe/model/meta.py", line 37, in get_meta
    meta = Meta(doctype)
  File "/home/frappe01/ERPNext/apps/frappe/frappe/model/meta.py", line 83, in __init__
    super(Meta, self).__init__("DocType", doctype)
  File "/home/frappe01/ERPNext/apps/frappe/frappe/model/document.py", line 106, in __init__
    self.load_from_db()
  File "/home/frappe01/ERPNext/apps/frappe/frappe/model/meta.py", line 88, in load_from_db
    super(Meta, self).load_from_db()
  File "/home/frappe01/ERPNext/apps/frappe/frappe/model/document.py", line 147, in load_from_db
    d = frappe.db.get_value(self.doctype, self.name, "*", as_dict=1)
  File "/home/frappe01/ERPNext/apps/frappe/frappe/database/database.py", line 408, in get_value
    order_by, cache=cache)
  File "/home/frappe01/ERPNext/apps/frappe/frappe/database/database.py", line 452, in get_values
    out = self._get_values_from_table(fields, filters, doctype, as_dict, debug, order_by, update)
  File "/home/frappe01/ERPNext/apps/frappe/frappe/database/database.py", line 599, in _get_values_from_table
    as_dict=as_dict, debug=debug, update=update)
  File "/home/frappe01/ERPNext/apps/frappe/frappe/database/database.py", line 122, in sql
    self.connect()
  File "/home/frappe01/ERPNext/apps/frappe/frappe/database/database.py", line 75, in connect
    self._conn = self.get_connection()
  File "/home/frappe01/ERPNext/apps/frappe/frappe/database/mariadb/database.py", line 91, in get_connection
    local_infile = frappe.conf.local_infile)
  File "/home/frappe01/ERPNext/env/lib/python3.6/site-packages/pymysql/__init__.py", line 94, in Connect
    return Connection(*args, **kwargs)
  File "/home/frappe01/ERPNext/env/lib/python3.6/site-packages/pymysql/connections.py", line 325, in __init__
    self.connect()
  File "/home/frappe01/ERPNext/env/lib/python3.6/site-packages/pymysql/connections.py", line 599, in connect
    self._request_authentication()
  File "/home/frappe01/ERPNext/env/lib/python3.6/site-packages/pymysql/connections.py", line 861, in _request_authentication
    auth_packet = self._read_packet()
  File "/home/frappe01/ERPNext/env/lib/python3.6/site-packages/pymysql/connections.py", line 684, in _read_packet
    packet.check_error()
  File "/home/frappe01/ERPNext/env/lib/python3.6/site-packages/pymysql/protocol.py", line 220, in check_error
    err.raise_mysql_exception(self._data)
  File "/home/frappe01/ERPNext/env/lib/python3.6/site-packages/pymysql/err.py", line 109, in raise_mysql_exception
    raise errorclass(errno, errval)
pymysql.err.OperationalError: (1045, "Access denied for user '_faa3735edf87bd2f'@'localhost' (using password: YES)")
2020-08-01 10:43:47,503 ERROR frappe Could not take error snapshot: (1045, "Access denied for user '_faa3735edf87bd2f'@'localhost' (using password: YES)")
Site: erpnext_dev
Form Dict: {'doctype': 'Route History', 'records': '[{"user":"Administrator","creation":"2020-08-01 10:43:36","route":"workspace/Stock"}]'}
Traceback (most recent call last):
  File "/home/frappe01/ERPNext/apps/frappe/frappe/app.py", line 54, in application
    init_request(request)
  File "/home/frappe01/ERPNext/apps/frappe/frappe/app.py", line 136, in init_request
    frappe.local.http_request = frappe.auth.HTTPRequest()
  File "/home/frappe01/ERPNext/apps/frappe/frappe/auth.py", line 51, in __init__
    frappe.local.login_manager = LoginManager()
  File "/home/frappe01/ERPNext/apps/frappe/frappe/auth.py", line 113, in __init__
    self.make_session(resume=True)
  File "/home/frappe01/ERPNext/apps/frappe/frappe/auth.py", line 194, in make_session
    full_name=self.full_name, user_type=self.user_type)
  File "/home/frappe01/ERPNext/apps/frappe/frappe/sessions.py", line 197, in __init__
    self.resume()
  File "/home/frappe01/ERPNext/apps/frappe/frappe/sessions.py", line 264, in resume
    validate_ip_address(self.user)
  File "/home/frappe01/ERPNext/apps/frappe/frappe/auth.py", line 413, in validate_ip_address
    user = frappe.get_cached_doc("User", user) if not frappe.flags.in_test else frappe.get_doc("User", user)
  File "/home/frappe01/ERPNext/apps/frappe/frappe/__init__.py", line 728, in get_cached_doc
    doc = get_doc(*args, **kwargs)
  File "/home/frappe01/ERPNext/apps/frappe/frappe/__init__.py", line 771, in get_doc
    doc = frappe.model.document.get_doc(*args, **kwargs)
  File "/home/frappe01/ERPNext/apps/frappe/frappe/model/document.py", line 71, in get_doc
    return controller(*args, **kwargs)
  File "/home/frappe01/ERPNext/apps/frappe/frappe/model/document.py", line 106, in __init__
    self.load_from_db()
  File "/home/frappe01/ERPNext/apps/frappe/frappe/model/document.py", line 135, in load_from_db
    if not getattr(self, "_metaclass", False) and self.meta.issingle:
  File "/home/frappe01/ERPNext/apps/frappe/frappe/model/base_document.py", line 78, in meta
    self._meta = frappe.get_meta(self.doctype)
  File "/home/frappe01/ERPNext/apps/frappe/frappe/__init__.py", line 796, in get_meta
    return frappe.model.meta.get_meta(doctype, cached=cached)
  File "/home/frappe01/ERPNext/apps/frappe/frappe/model/meta.py", line 37, in get_meta
    meta = Meta(doctype)
  File "/home/frappe01/ERPNext/apps/frappe/frappe/model/meta.py", line 83, in __init__
    super(Meta, self).__init__("DocType", doctype)
  File "/home/frappe01/ERPNext/apps/frappe/frappe/model/document.py", line 106, in __init__
    self.load_from_db()
  File "/home/frappe01/ERPNext/apps/frappe/frappe/model/meta.py", line 88, in load_from_db
    super(Meta, self).load_from_db()
  File "/home/frappe01/ERPNext/apps/frappe/frappe/model/document.py", line 147, in load_from_db
    d = frappe.db.get_value(self.doctype, self.name, "*", as_dict=1)
  File "/home/frappe01/ERPNext/apps/frappe/frappe/database/database.py", line 408, in get_value
    order_by, cache=cache)
  File "/home/frappe01/ERPNext/apps/frappe/frappe/database/database.py", line 452, in get_values
    out = self._get_values_from_table(fields, filters, doctype, as_dict, debug, order_by, update)
  File "/home/frappe01/ERPNext/apps/frappe/frappe/database/database.py", line 599, in _get_values_from_table
    as_dict=as_dict, debug=debug, update=update)
  File "/home/frappe01/ERPNext/apps/frappe/frappe/database/database.py", line 122, in sql
    self.connect()
  File "/home/frappe01/ERPNext/apps/frappe/frappe/database/database.py", line 75, in connect
    self._conn = self.get_connection()
  File "/home/frappe01/ERPNext/apps/frappe/frappe/database/mariadb/database.py", line 91, in get_connection
    local_infile = frappe.conf.local_infile)
  File "/home/frappe01/ERPNext/env/lib/python3.6/site-packages/pymysql/__init__.py", line 94, in Connect
    return Connection(*args, **kwargs)
  File "/home/frappe01/ERPNext/env/lib/python3.6/site-packages/pymysql/connections.py", line 325, in __init__
    self.connect()
  File "/home/frappe01/ERPNext/env/lib/python3.6/site-packages/pymysql/connections.py", line 599, in connect
    self._request_authentication()
  File "/home/frappe01/ERPNext/env/lib/python3.6/site-packages/pymysql/connections.py", line 861, in _request_authentication
    auth_packet = self._read_packet()
  File "/home/frappe01/ERPNext/env/lib/python3.6/site-packages/pymysql/connections.py", line 684, in _read_packet
    packet.check_error()
  File "/home/frappe01/ERPNext/env/lib/python3.6/site-packages/pymysql/protocol.py", line 220, in check_error
    err.raise_mysql_exception(self._data)
  File "/home/frappe01/ERPNext/env/lib/python3.6/site-packages/pymysql/err.py", line 109, in raise_mysql_exception
    raise errorclass(errno, errval)
pymysql.err.OperationalError: (1045, "Access denied for user '_faa3735edf87bd2f'@'localhost' (using password: YES)")

During handling of the above exception, another exception occurred:

Traceback (most recent call last):
  File "/home/frappe01/ERPNext/apps/frappe/frappe/utils/error.py", line 36, in make_error_snapshot
    snapshot = get_snapshot(exception)
  File "/home/frappe01/ERPNext/apps/frappe/frappe/utils/error.py", line 92, in get_snapshot
    vars = cgitb.scanvars(reader, frame, locals)
  File "/usr/lib/python3.6/cgitb.py", line 88, in scanvars
    value = getattr(parent, token, __UNDEF__)
  File "/home/frappe01/ERPNext/apps/frappe/frappe/model/base_document.py", line 78, in meta
    self._meta = frappe.get_meta(self.doctype)
  File "/home/frappe01/ERPNext/apps/frappe/frappe/__init__.py", line 796, in get_meta
    return frappe.model.meta.get_meta(doctype, cached=cached)
  File "/home/frappe01/ERPNext/apps/frappe/frappe/model/meta.py", line 37, in get_meta
    meta = Meta(doctype)
  File "/home/frappe01/ERPNext/apps/frappe/frappe/model/meta.py", line 83, in __init__
    super(Meta, self).__init__("DocType", doctype)
  File "/home/frappe01/ERPNext/apps/frappe/frappe/model/document.py", line 106, in __init__
    self.load_from_db()
  File "/home/frappe01/ERPNext/apps/frappe/frappe/model/meta.py", line 88, in load_from_db
    super(Meta, self).load_from_db()
  File "/home/frappe01/ERPNext/apps/frappe/frappe/model/document.py", line 147, in load_from_db
    d = frappe.db.get_value(self.doctype, self.name, "*", as_dict=1)
  File "/home/frappe01/ERPNext/apps/frappe/frappe/database/database.py", line 408, in get_value
    order_by, cache=cache)
  File "/home/frappe01/ERPNext/apps/frappe/frappe/database/database.py", line 452, in get_values
    out = self._get_values_from_table(fields, filters, doctype, as_dict, debug, order_by, update)
  File "/home/frappe01/ERPNext/apps/frappe/frappe/database/database.py", line 599, in _get_values_from_table
    as_dict=as_dict, debug=debug, update=update)
  File "/home/frappe01/ERPNext/apps/frappe/frappe/database/database.py", line 122, in sql
    self.connect()
  File "/home/frappe01/ERPNext/apps/frappe/frappe/database/database.py", line 75, in connect
    self._conn = self.get_connection()
  File "/home/frappe01/ERPNext/apps/frappe/frappe/database/mariadb/database.py", line 91, in get_connection
    local_infile = frappe.conf.local_infile)
  File "/home/frappe01/ERPNext/env/lib/python3.6/site-packages/pymysql/__init__.py", line 94, in Connect
    return Connection(*args, **kwargs)
  File "/home/frappe01/ERPNext/env/lib/python3.6/site-packages/pymysql/connections.py", line 325, in __init__
    self.connect()
  File "/home/frappe01/ERPNext/env/lib/python3.6/site-packages/pymysql/connections.py", line 599, in connect
    self._request_authentication()
  File "/home/frappe01/ERPNext/env/lib/python3.6/site-packages/pymysql/connections.py", line 861, in _request_authentication
    auth_packet = self._read_packet()
  File "/home/frappe01/ERPNext/env/lib/python3.6/site-packages/pymysql/connections.py", line 684, in _read_packet
    packet.check_error()
  File "/home/frappe01/ERPNext/env/lib/python3.6/site-packages/pymysql/protocol.py", line 220, in check_error
    err.raise_mysql_exception(self._data)
  File "/home/frappe01/ERPNext/env/lib/python3.6/site-packages/pymysql/err.py", line 109, in raise_mysql_exception
    raise errorclass(errno, errval)
pymysql.err.OperationalError: (1045, "Access denied for user '_faa3735edf87bd2f'@'localhost' (using password: YES)")
2020-08-01 11:50:28,444 ERROR frappe New Exception collected with id: 2020-08-01 11:50:28.280949-127.0.0.1-fb7
Site: erpnext_dev
Form Dict: {'doc': '{"docstatus":0,"doctype":"Quality Rejection","name":"New Quality Rejection 1","__islocal":1,"__unsaved":1,"owner":"Administrator","select_work_order_number":"MFG-WO-2020-00001","item_to_manufacture":"El01020001","item_name":"HP","bom_no":"BOM-El01020001-001","qty_to_manufacture":1000,"work_in_progress_warehouse":"Stores - I","rejection_quantity":10}', 'action': 'Save', 'cmd': 'frappe.desk.form.save.savedocs'}
2020-08-01 12:15:06,295 ERROR frappe New Exception collected with id: 2020-08-01 12:15:06.013909-127.0.0.1-821
Site: erpnext_dev
Form Dict: {'doc': '{"docstatus":0,"doctype":"Quality Rejection","name":"New Quality Rejection 1","__islocal":1,"__unsaved":1,"owner":"Administrator","comapny":"insphere","select_work_order_number":"MFG-WO-2020-00001","item_to_manufacture":"El01020001","item_name":"HP","bom_no":"BOM-El01020001-001","qty_to_manufacture":1000,"work_in_progress_warehouse":"Stores - I","rejection_quantity":10}', 'action': 'Save', 'cmd': 'frappe.desk.form.save.savedocs'}
2020-08-01 12:17:45,029 ERROR frappe New Exception collected with id: 2020-08-01 12:17:44.873509-127.0.0.1-836
Site: erpnext_dev
Form Dict: {'doc': '{"docstatus":0,"doctype":"Quality Rejection","name":"New Quality Rejection 1","__islocal":1,"__unsaved":1,"owner":"Administrator","company":"insphere","select_work_order_number":"MFG-WO-2020-00001","item_to_manufacture":"El01020001","item_name":"HP","bom_no":"BOM-El01020001-001","qty_to_manufacture":1000,"work_in_progress_warehouse":"Stores - I","rejection_quantity":10}', 'action': 'Save', 'cmd': 'frappe.desk.form.save.savedocs'}
2020-08-01 14:34:40,293 ERROR frappe New Exception collected with id: 2020-08-01 14:34:40.151684-127.0.0.1-3db
Site: erpnext_dev
Form Dict: {'doc': '{"docstatus":0,"doctype":"Quality Rejection","name":"New Quality Rejection 2","__islocal":1,"__unsaved":1,"owner":"Administrator","company":"insphere","select_work_order_number":"MFG-WO-2020-00001","item_to_manufacture":"El01020001","item_name":"HP","bom_no":"BOM-El01020001-001","qty_to_manufacture":1000,"work_in_progress_warehouse":"Stores - I","rejection_quantity":12}', 'action': 'Save', 'cmd': 'frappe.desk.form.save.savedocs'}
2020-08-01 14:44:56,180 ERROR frappe New Exception collected with id: 2020-08-01 14:44:55.837850-127.0.0.1-c51
Site: erpnext_dev
Form Dict: {'doctype': 'Quality Rejection', 'with_parent': '1', 'cached_timestamp': '2020-08-01 12:16:23.278083', 'cmd': 'frappe.desk.form.load.getdoctype'}
2020-08-01 15:01:36,846 ERROR frappe New Exception collected with id: 2020-08-01 15:01:36.624651-127.0.0.1-838
Site: erpnext_dev
Form Dict: {'doctype': 'Quality Rejection', 'with_parent': '1', 'cached_timestamp': '2020-08-01 12:16:23.278083', 'cmd': 'frappe.desk.form.load.getdoctype'}
2020-08-01 15:12:38,676 ERROR frappe New Exception collected with id: 2020-08-01 15:12:38.279358-127.0.0.1-22d
Site: erpnext_dev
Form Dict: {'doctype': 'Quality Rejection', 'with_parent': '1', 'cached_timestamp': '2020-08-01 12:16:23.278083', 'cmd': 'frappe.desk.form.load.getdoctype'}
2020-08-01 15:13:09,740 ERROR frappe New Exception collected with id: 2020-08-01 15:13:09.542324-127.0.0.1-9ab
Site: erpnext_dev
Form Dict: {'doc': '{"docstatus":0,"doctype":"Quality Rejection","name":"New Quality Rejection 1","__islocal":1,"__unsaved":1,"owner":"Administrator","company":"insphere","select_work_order_number":"MFG-WO-2020-00001","item_to_manufacture":"El01020001","item_name":"HP","bom_no":"BOM-El01020001-001","qty_to_manufacture":1000,"work_in_progress_warehouse":"Stores - I","rejection_quantity":12}', 'action': 'Save', 'cmd': 'frappe.desk.form.save.savedocs'}
2020-08-01 15:14:12,438 ERROR frappe New Exception collected with id: 2020-08-01 15:14:12.249378-127.0.0.1-b0d
Site: erpnext_dev
Form Dict: {'doc': '{"docstatus":0,"doctype":"Quality Rejection","name":"New Quality Rejection 1","__islocal":1,"__unsaved":1,"owner":"Administrator","company":"insphere","select_work_order_number":"MFG-WO-2020-00001","item_to_manufacture":"El01020001","item_name":"HP","bom_no":"BOM-El01020001-001","qty_to_manufacture":1000,"work_in_progress_warehouse":"Stores - I","rejection_quantity":12}', 'action': 'Save', 'cmd': 'frappe.desk.form.save.savedocs'}
2020-08-01 15:15:27,613 ERROR frappe New Exception collected with id: 2020-08-01 15:15:27.093937-127.0.0.1-367
Site: erpnext_dev
Form Dict: {'doctype': 'Quality Rejection', 'with_parent': '1', 'cached_timestamp': '2020-08-01 12:16:23.278083', 'cmd': 'frappe.desk.form.load.getdoctype'}
2020-08-01 15:15:53,206 ERROR frappe New Exception collected with id: 2020-08-01 15:15:52.831316-127.0.0.1-5ec
Site: erpnext_dev
Form Dict: {'doctype': 'Quality Rejection', 'with_parent': '1', 'cached_timestamp': '2020-08-01 12:16:23.278083', 'cmd': 'frappe.desk.form.load.getdoctype'}
2020-08-01 15:20:03,718 ERROR frappe New Exception collected with id: 2020-08-01 15:20:03.524941-127.0.0.1-7f5
Site: erpnext_dev
Form Dict: {'doc': '{"docstatus":0,"doctype":"Quality Rejection","name":"New Quality Rejection 1","__islocal":1,"__unsaved":1,"owner":"Administrator","company":"insphere","select_work_order_number":"MFG-WO-2020-00001","item_to_manufacture":"El01020001","item_name":"HP","bom_no":"BOM-El01020001-001","qty_to_manufacture":1000,"work_in_progress_warehouse":"Stores - I","rejection_quantity":13}', 'action': 'Save', 'cmd': 'frappe.desk.form.save.savedocs'}
2020-08-01 15:20:47,104 ERROR frappe New Exception collected with id: 2020-08-01 15:20:46.960263-127.0.0.1-379
Site: erpnext_dev
Form Dict: {'doc': '{"docstatus":0,"doctype":"Quality Rejection","name":"New Quality Rejection 1","__islocal":1,"__unsaved":1,"owner":"Administrator","company":"insphere","select_work_order_number":"MFG-WO-2020-00001","item_to_manufacture":"El01020001","item_name":"HP","bom_no":"BOM-El01020001-001","qty_to_manufacture":1000,"work_in_progress_warehouse":"Stores - I","rejection_quantity":13}', 'action': 'Save', 'cmd': 'frappe.desk.form.save.savedocs'}
2020-08-03 15:11:31,556 ERROR frappe New Exception collected with id: 2020-08-03 15:11:31.348627-127.0.0.1-a79
Site: erpnext_dev
Form Dict: {'doc': '{"docstatus":0,"doctype":"Quality Rejection","name":"New Quality Rejection 1","__islocal":1,"__unsaved":1,"owner":"Administrator","company":"insphere","select_work_order_number":"MFG-WO-2020-00001","item_to_manufacture":"El01020001","item_name":"HP","bom_no":"BOM-El01020001-001","qty_to_manufacture":500,"work_in_progress_warehouse":"Stores - I","rejection_quantity":12}', 'action': 'Save', 'cmd': 'frappe.desk.form.save.savedocs'}
2020-08-03 15:12:27,013 ERROR frappe New Exception collected with id: 2020-08-03 15:12:26.770851-127.0.0.1-9cf
Site: erpnext_dev
Form Dict: {'doc': '{"docstatus":0,"doctype":"Quality Rejection","name":"New Quality Rejection 1","__islocal":1,"__unsaved":1,"owner":"Administrator","company":"insphere","select_work_order_number":"MFG-WO-2020-00001","item_to_manufacture":"El01020001","item_name":"HP","bom_no":"BOM-El01020001-001","qty_to_manufacture":500,"work_in_progress_warehouse":"Stores - I","rejection_quantity":2}', 'action': 'Save', 'cmd': 'frappe.desk.form.save.savedocs'}
2020-08-03 16:22:20,961 ERROR frappe New Exception collected with id: 2020-08-03 16:22:20.593307-127.0.0.1-780
Site: erpnext_dev
Form Dict: {'doctype': 'Quality Rejection', 'with_parent': '1', 'cached_timestamp': '2020-08-03 16:10:43.263361', 'cmd': 'frappe.desk.form.load.getdoctype'}
2020-08-03 16:43:04,356 ERROR frappe New Exception collected with id: 2020-08-03 16:43:04.200117-127.0.0.1-0f4
Site: erpnext_dev
Form Dict: {'doc': '{"docstatus":0,"doctype":"Quality Rejection","name":"New Quality Rejection 2","__islocal":1,"__unsaved":1,"owner":"Administrator","company":"insphere","select_work_order_number":"MFG-WO-2020-00001","item_to_manufacture":"El01020001","item_name":"HP","bom_no":"BOM-El01020001-001","qty_to_manufacture":500,"work_in_progress_warehouse":"Stores - I","warehouse":"Scrap - I","rejection_quantity":10}', 'action': 'Save', 'cmd': 'frappe.desk.form.save.savedocs'}
2020-08-03 17:12:12,783 ERROR frappe New Exception collected with id: 2020-08-03 17:12:12.625203-127.0.0.1-fd7
Site: erpnext_dev
Form Dict: {'doc': '{"docstatus":0,"doctype":"Quality Rejection","name":"New Quality Rejection 1","__islocal":1,"__unsaved":1,"owner":"Administrator","company":"insphere","select_work_order_number":"MFG-WO-2020-00001","item_to_manufacture":"El01020001","item_name":"HP","bom_no":"BOM-El01020001-001","qty_to_manufacture":500,"work_in_progress_warehouse":"Stores - I","nn_account":"Stock In Hand - I","account":"Scrap Account - I","rejection_quantity":144}', 'action': 'Save', 'cmd': 'frappe.desk.form.save.savedocs'}
2020-08-03 18:14:51,932 ERROR frappe New Exception collected with id: 2020-08-03 18:14:51.798922-127.0.0.1-d3b
Site: erpnext_dev
Form Dict: {'doc': '{"docstatus":0,"doctype":"Quality Rejection","name":"New Quality Rejection 1","__islocal":1,"__unsaved":1,"owner":"Administrator","company":"insphere","select_work_order_number":"MFG-WO-2020-00001","item_to_manufacture":"El01020001","item_name":"HP","bom_no":"BOM-El01020001-001","qty_to_manufacture":500,"work_in_progress_warehouse":"Stores - I","rejection_quantity":11}', 'action': 'Save', 'cmd': 'frappe.desk.form.save.savedocs'}
2020-08-03 18:18:48,568 ERROR frappe New Exception collected with id: 2020-08-03 18:18:48.404788-127.0.0.1-36c
Site: erpnext_dev
Form Dict: {'doc': '{"docstatus":0,"doctype":"Quality Rejection","name":"New Quality Rejection 1","__islocal":1,"__unsaved":1,"owner":"Administrator","company":"insphere","select_work_order_number":"MFG-WO-2020-00001","item_to_manufacture":"El01020001","item_name":"HP","bom_no":"BOM-El01020001-001","qty_to_manufacture":500,"work_in_progress_warehouse":"Stores - I","rejection_quantity":11,"nn_account":"Scrap Account - I"}', 'action': 'Save', 'cmd': 'frappe.desk.form.save.savedocs'}
2020-08-03 18:21:39,568 ERROR frappe New Exception collected with id: 2020-08-03 18:21:39.374977-127.0.0.1-10b
Site: erpnext_dev
Form Dict: {'doc': '{"docstatus":0,"doctype":"Quality Rejection","name":"New Quality Rejection 1","__islocal":1,"__unsaved":1,"owner":"Administrator","company":"insphere","select_work_order_number":"MFG-WO-2020-00001","item_to_manufacture":"El01020001","item_name":"HP","bom_no":"BOM-El01020001-001","qty_to_manufacture":500,"work_in_progress_warehouse":"Stores - I","nn_account":"Scrap Account - I"}', 'action': 'Save', 'cmd': 'frappe.desk.form.save.savedocs'}
2020-08-03 19:06:26,153 ERROR frappe New Exception collected with id: 2020-08-03 19:06:25.961346-127.0.0.1-9aa
Site: erpnext_dev
Form Dict: {'doc': '{"docstatus":0,"doctype":"Quality Rejection","name":"New Quality Rejection 3","__islocal":1,"__unsaved":1,"owner":"Administrator","company":"insphere","select_work_order_number":"MFG-WO-2020-00001","item_to_manufacture":"El01020001","item_name":"HP","bom_no":"BOM-El01020001-001","qty_to_manufacture":500,"work_in_progress_warehouse":"Stores - I","nn_account":"Scrap Account - I","account":"Main - I"}', 'action': 'Save', 'cmd': 'frappe.desk.form.save.savedocs'}
2020-08-03 19:06:43,582 ERROR frappe New Exception collected with id: 2020-08-03 19:06:43.376552-127.0.0.1-2a4
Site: erpnext_dev
Form Dict: {'doc': '{"docstatus":0,"doctype":"Quality Rejection","name":"New Quality Rejection 3","__islocal":1,"__unsaved":1,"owner":"Administrator","company":"insphere","select_work_order_number":"MFG-WO-2020-00001","item_to_manufacture":"El01020001","item_name":"HP","bom_no":"BOM-El01020001-001","qty_to_manufacture":500,"work_in_progress_warehouse":"Stores - I","nn_account":"Scrap Account - I","account":"Main - I"}', 'action': 'Save', 'cmd': 'frappe.desk.form.save.savedocs'}
2020-08-03 19:08:52,212 ERROR frappe New Exception collected with id: 2020-08-03 19:08:52.054142-127.0.0.1-78a
Site: erpnext_dev
Form Dict: {'doc': '{"docstatus":0,"doctype":"Quality Rejection","name":"New Quality Rejection 3","__islocal":1,"__unsaved":1,"owner":"Administrator","company":"insphere","select_work_order_number":"MFG-WO-2020-00001","item_to_manufacture":"El01020001","item_name":"HP","bom_no":"BOM-El01020001-001","qty_to_manufacture":500,"work_in_progress_warehouse":"Stores - I","nn_account":"Scrap Account - I","account":"Main - I"}', 'action': 'Save', 'cmd': 'frappe.desk.form.save.savedocs'}
2020-08-03 19:09:12,531 ERROR frappe New Exception collected with id: 2020-08-03 19:09:12.378778-127.0.0.1-4ef
Site: erpnext_dev
Form Dict: {'doc': '{"docstatus":0,"doctype":"Quality Rejection","name":"New Quality Rejection 3","__islocal":1,"__unsaved":1,"owner":"Administrator","company":"insphere","select_work_order_number":"MFG-WO-2020-00001","item_to_manufacture":"El01020001","item_name":"HP","bom_no":"BOM-El01020001-001","qty_to_manufacture":500,"work_in_progress_warehouse":"Stores - I","nn_account":"Scrap Account - I","account":"Main - I"}', 'action': 'Save', 'cmd': 'frappe.desk.form.save.savedocs'}
2020-08-03 21:47:36,451 ERROR frappe New Exception collected with id: 2020-08-03 21:47:36.028376-127.0.0.1-6d3
Site: erpnext_dev
Form Dict: {'cmd': 'frappe.realtime.get_user_info'}
2020-08-04 08:25:23,488 ERROR frappe New Exception collected with id: 2020-08-04 08:25:23.322893-127.0.0.1-f73
Site: erpnext_dev
Form Dict: {'doc': '{"docstatus":0,"doctype":"Quality Rejection","name":"New Quality Rejection 1","__islocal":1,"__unsaved":1,"owner":"Administrator","company":"in","select_work_order_number":"MFG-WO-2020-00005","item_to_manufacture":"A01020002","item_name":"ABC","bom_no":"BOM-A01020002-001","qty_to_manufacture":1000,"work_in_progress_warehouse":"Stores - I","nn_account":"Scrap Account - I","rejection_quantity":12,"account":"Stock In Hand - I"}', 'action': 'Save', 'cmd': 'frappe.desk.form.save.savedocs'}
2020-08-04 10:55:00,575 ERROR frappe New Exception collected with id: 2020-08-04 10:55:00.418054-127.0.0.1-139
Site: erpnext_dev
Form Dict: {'doc': '{"docstatus":0,"doctype":"Quality Rejection","name":"New Quality Rejection 1","__islocal":1,"__unsaved":1,"owner":"Administrator","company":"KD &Co","select_work_order_number":"MFG-WO-2020-00001","item_to_manufacture":"A01020001","item_name":"HP","bom_no":"BOM-A01020001-001","qty_to_manufacture":400,"work_in_progress_warehouse":"Stores - KD","rejection_quantity":1,"account":"Scrap Account - KD","date":"2020-08-04"}', 'action': 'Save', 'cmd': 'frappe.desk.form.save.savedocs'}
2020-08-04 12:40:22,605 ERROR frappe New Exception collected with id: 2020-08-04 12:40:22.464488-127.0.0.1-644
Site: erpnext_dev
Form Dict: {'doc': '{"docstatus":0,"doctype":"Quality Rejection","name":"New Quality Rejection 1","__islocal":1,"__unsaved":1,"owner":"Administrator","company":"KD &Co","select_work_order_number":"MFG-WO-2020-00001","item_to_manufacture":"A01020001","item_name":"HP","bom_no":"BOM-A01020001-001","qty_to_manufacture":400,"work_in_progress_warehouse":"Stores - KD","rejection_quantity":4,"rejection_cause":"Machine miss-alignment","scrap_warehouse":"Scrap Warehouse - KD"}', 'action': 'Save', 'cmd': 'frappe.desk.form.save.savedocs'}
2020-08-04 12:41:25,390 ERROR frappe New Exception collected with id: 2020-08-04 12:41:25.244042-127.0.0.1-211
Site: erpnext_dev
Form Dict: {'doc': '{"docstatus":0,"doctype":"Quality Rejection","name":"New Quality Rejection 1","__islocal":1,"__unsaved":1,"owner":"Administrator","company":"KD &Co","select_work_order_number":"MFG-WO-2020-00001","item_to_manufacture":"A01020001","item_name":"HP","bom_no":"BOM-A01020001-001","qty_to_manufacture":400,"work_in_progress_warehouse":"Stores - KD","rejection_quantity":4,"rejection_cause":"Machine miss-alignment","scrap_warehouse":"Scrap Warehouse - KD"}', 'action': 'Save', 'cmd': 'frappe.desk.form.save.savedocs'}
2020-08-04 14:27:54,182 ERROR frappe New Exception collected with id: 2020-08-04 14:27:54.002076-127.0.0.1-dbe
Site: erpnext_dev
Form Dict: {'doctype': 'Quality Rejection', 'name': 'QR-00016', 'cmd': 'frappe.client.get'}
2020-08-04 17:21:15,502 ERROR frappe New Exception collected with id: 2020-08-04 17:21:15.308317-127.0.0.1-3d2
Site: erpnext_dev
Form Dict: {'cmd': 'frappe.realtime.get_user_info'}
2020-08-05 14:34:15,890 ERROR frappe New Exception collected with id: 2020-08-05 14:34:15.697602-127.0.0.1-a4f
Site: erpnext_dev
Form Dict: {'doc': '{"name":"Quality Rejection Action","creation":"2020-07-20 14:28:01.890395","modified":"2020-08-05 12:21:18.553360","modified_by":"Administrator","owner":"Administrator","docstatus":0,"idx":0,"search_fields":"work_order,date","issingle":0,"is_tree":0,"istable":0,"editable_grid":1,"track_changes":1,"module":"Quality Management","autoname":"format:QRA-{#####}","sort_field":"modified","sort_order":"DESC","read_only":0,"in_create":0,"allow_copy":0,"allow_rename":0,"allow_import":0,"hide_toolbar":0,"track_seen":0,"max_attachments":0,"engine":"InnoDB","is_submittable":0,"show_name_in_global_search":0,"custom":0,"beta":0,"has_web_view":0,"allow_guest_to_view":0,"email_append_to":0,"quick_entry":0,"track_views":0,"allow_events_in_timeline":0,"allow_auto_repeat":0,"show_preview_popup":0,"doctype":"DocType","fields":[{"name":"7324ec79fe","creation":"2020-07-20 14:28:01.890395","modified":"2020-08-05 12:21:18.553360","modified_by":"Administrator","owner":"Administrator","docstatus":0,"parent":"Quality Rejection Action","parentfield":"fields","parenttype":"DocType","idx":1,"fieldname":"quality_rejection_number","label":"Quality Rejection Number","fieldtype":"Link","options":"Quality Rejection","search_index":0,"hidden":0,"set_only_once":0,"allow_in_quick_entry":0,"print_hide":0,"report_hide":0,"reqd":0,"bold":0,"in_global_search":0,"collapsible":0,"unique":0,"no_copy":0,"allow_on_submit":0,"show_preview_popup":0,"permlevel":0,"ignore_user_permissions":0,"columns":0,"in_list_view":0,"fetch_if_empty":0,"in_filter":0,"remember_last_selected_value":0,"ignore_xss_filter":0,"print_hide_if_no_value":0,"allow_bulk_edit":0,"in_standard_filter":0,"in_preview":0,"read_only":0,"length":0,"translatable":0,"hide_border":0,"hide_days":0,"hide_seconds":0,"doctype":"DocField"},{"name":"28448d46cd","creation":"2020-07-20 14:28:01.890395","modified":"2020-08-05 12:21:18.553360","modified_by":"Administrator","owner":"Administrator","docstatus":0,"parent":"Quality Rejection Action","parentfield":"fields","parenttype":"DocType","idx":2,"fieldname":"work_order","label":"Work order","fieldtype":"Read Only","search_index":0,"hidden":0,"set_only_once":0,"allow_in_quick_entry":0,"print_hide":0,"report_hide":0,"reqd":0,"bold":0,"in_global_search":0,"collapsible":0,"unique":0,"no_copy":0,"allow_on_submit":0,"show_preview_popup":0,"permlevel":0,"ignore_user_permissions":0,"columns":0,"in_list_view":0,"fetch_if_empty":0,"in_filter":0,"remember_last_selected_value":0,"ignore_xss_filter":0,"print_hide_if_no_value":0,"allow_bulk_edit":0,"in_standard_filter":1,"in_preview":0,"read_only":0,"precision":"","length":0,"translatable":0,"hide_border":0,"hide_days":0,"hide_seconds":0,"doctype":"DocField"},{"name":"e19facf87c","creation":"2020-07-20 14:28:01.890395","modified":"2020-08-05 12:21:18.553360","modified_by":"Administrator","owner":"Administrator","docstatus":0,"parent":"Quality Rejection Action","parentfield":"fields","parenttype":"DocType","idx":3,"fieldname":"rejection_cause","label":"Rejection Cause","fieldtype":"Read Only","search_index":0,"hidden":0,"set_only_once":0,"allow_in_quick_entry":0,"print_hide":0,"report_hide":0,"reqd":0,"bold":0,"in_global_search":0,"collapsible":0,"unique":0,"no_copy":0,"allow_on_submit":0,"show_preview_popup":0,"permlevel":0,"ignore_user_permissions":0,"columns":0,"in_list_view":0,"fetch_if_empty":0,"in_filter":0,"remember_last_selected_value":0,"ignore_xss_filter":0,"print_hide_if_no_value":0,"allow_bulk_edit":0,"in_standard_filter":0,"in_preview":0,"read_only":0,"precision":"","length":0,"translatable":0,"hide_border":0,"hide_days":0,"hide_seconds":0,"doctype":"DocField"},{"name":"b601adf4f8","creation":"2020-07-20 14:28:01.890395","modified":"2020-08-05 12:21:18.553360","modified_by":"Administrator","owner":"Administrator","docstatus":0,"parent":"Quality Rejection Action","parentfield":"fields","parenttype":"DocType","idx":4,"fieldname":"rejected_quantity","label":"Rejected Quantity","fieldtype":"Read Only","search_index":0,"hidden":0,"set_only_once":0,"allow_in_quick_entry":0,"print_hide":0,"report_hide":0,"reqd":0,"bold":0,"in_global_search":0,"collapsible":0,"unique":0,"no_copy":0,"allow_on_submit":0,"show_preview_popup":0,"permlevel":0,"ignore_user_permissions":0,"columns":0,"in_list_view":0,"fetch_if_empty":0,"in_filter":0,"remember_last_selected_value":0,"ignore_xss_filter":0,"print_hide_if_no_value":0,"allow_bulk_edit":0,"in_standard_filter":0,"in_preview":0,"read_only":0,"precision":"","length":0,"translatable":0,"hide_border":0,"hide_days":0,"hide_seconds":0,"doctype":"DocField"},{"name":"9d558aae6e","creation":"2020-07-20 14:28:01.890395","modified":"2020-08-05 12:21:18.553360","modified_by":"Administrator","owner":"Administrator","docstatus":0,"parent":"Quality Rejection Action","parentfield":"fields","parenttype":"DocType","idx":5,"fieldname":"column_break_3","fieldtype":"Column Break","search_index":0,"hidden":0,"set_only_once":0,"allow_in_quick_entry":0,"print_hide":0,"report_hide":0,"reqd":0,"bold":0,"in_global_search":0,"collapsible":0,"unique":0,"no_copy":0,"allow_on_submit":0,"show_preview_popup":0,"permlevel":0,"ignore_user_permissions":0,"columns":0,"in_list_view":0,"fetch_if_empty":0,"in_filter":0,"remember_last_selected_value":0,"ignore_xss_filter":0,"print_hide_if_no_value":0,"allow_bulk_edit":0,"in_standard_filter":0,"in_preview":0,"read_only":0,"length":0,"translatable":0,"hide_border":0,"hide_days":0,"hide_seconds":0,"doctype":"DocField"},{"name":"0793a6924a","creation":"2020-07-20 14:28:01.890395","modified":"2020-08-05 12:21:18.553360","modified_by":"Administrator","owner":"Administrator","docstatus":0,"parent":"Quality Rejection Action","parentfield":"fields","parenttype":"DocType","idx":6,"fieldname":"shift","label":"Shift","fieldtype":"Read Only","search_index":0,"hidden":0,"set_only_once":0,"allow_in_quick_entry":0,"print_hide":0,"report_hide":0,"reqd":0,"bold":0,"in_global_search":0,"collapsible":0,"unique":0,"no_copy":0,"allow_on_submit":0,"show_preview_popup":0,"permlevel":0,"ignore_user_permissions":0,"columns":0,"in_list_view":0,"fetch_if_empty":0,"in_filter":0,"remember_last_selected_value":0,"ignore_xss_filter":0,"print_hide_if_no_value":0,"allow_bulk_edit":0,"in_standard_filter":1,"in_preview":0,"read_only":0,"precision":"","length":0,"translatable":0,"hide_border":0,"hide_days":0,"hide_seconds":0,"doctype":"DocField"},{"name":"396fce267b","creation":"2020-07-20 14:28:01.890395","modified":"2020-08-05 12:21:18.553360","modified_by":"Administrator","owner":"Administrator","docstatus":0,"parent":"Quality Rejection Action","parentfield":"fields","parenttype":"DocType","idx":7,"fieldname":"operator","label":"Operator","fieldtype":"Read Only","search_index":0,"hidden":0,"set_only_once":0,"allow_in_quick_entry":0,"print_hide":0,"report_hide":0,"reqd":0,"bold":0,"in_global_search":0,"collapsible":0,"unique":0,"no_copy":0,"allow_on_submit":0,"show_preview_popup":0,"permlevel":0,"ignore_user_permissions":0,"columns":0,"in_list_view":0,"fetch_if_empty":0,"in_filter":0,"remember_last_selected_value":0,"ignore_xss_filter":0,"print_hide_if_no_value":0,"allow_bulk_edit":0,"in_standard_filter":1,"in_preview":0,"read_only":0,"precision":"","length":0,"translatable":0,"hide_border":0,"hide_days":0,"hide_seconds":0,"doctype":"DocField"},{"name":"a88d6fafbe","creation":"2020-07-20 14:28:01.890395","modified":"2020-08-05 12:21:18.553360","modified_by":"Administrator","owner":"Administrator","docstatus":0,"parent":"Quality Rejection Action","parentfield":"fields","parenttype":"DocType","idx":8,"fieldname":"date","label":"Date","fieldtype":"Date","search_index":0,"hidden":0,"set_only_once":0,"allow_in_quick_entry":0,"print_hide":0,"report_hide":0,"reqd":0,"bold":0,"in_global_search":0,"collapsible":0,"unique":0,"no_copy":0,"allow_on_submit":0,"show_preview_popup":0,"permlevel":0,"ignore_user_permissions":0,"columns":0,"in_list_view":0,"fetch_if_empty":0,"in_filter":0,"remember_last_selected_value":0,"ignore_xss_filter":0,"print_hide_if_no_value":0,"allow_bulk_edit":0,"in_standard_filter":1,"in_preview":0,"read_only":0,"length":0,"translatable":0,"hide_border":0,"hide_days":0,"hide_seconds":0,"doctype":"DocField"},{"name":"d75b2927ea","creation":"2020-07-20 14:28:01.890395","modified":"2020-08-05 12:21:18.553360","modified_by":"Administrator","owner":"Administrator","docstatus":0,"parent":"Quality Rejection Action","parentfield":"fields","parenttype":"DocType","idx":9,"fieldname":"section_break_9","label":"Final Root Cause Anaysis","fieldtype":"Section Break","search_index":0,"hidden":0,"set_only_once":0,"allow_in_quick_entry":0,"print_hide":0,"report_hide":0,"reqd":0,"bold":0,"in_global_search":0,"collapsible":0,"unique":0,"no_copy":0,"allow_on_submit":0,"show_preview_popup":0,"permlevel":0,"ignore_user_permissions":0,"columns":0,"in_list_view":0,"fetch_if_empty":0,"in_filter":0,"remember_last_selected_value":0,"ignore_xss_filter":0,"print_hide_if_no_value":0,"allow_bulk_edit":0,"in_standard_filter":0,"in_preview":0,"read_only":0,"precision":"","length":0,"translatable":0,"hide_border":0,"hide_days":0,"hide_seconds":0,"doctype":"DocField"},{"name":"070161b4f3","creation":"2020-07-20 14:28:01.890395","modified":"2020-08-05 12:21:18.553360","modified_by":"Administrator","owner":"Administrator","docstatus":0,"parent":"Quality Rejection Action","parentfield":"fields","parenttype":"DocType","idx":10,"fieldname":"root_cause_analysis","label":"Root Cause Analysis","fieldtype":"Table","options":"Root Analysis","search_index":0,"hidden":0,"set_only_once":0,"allow_in_quick_entry":0,"print_hide":0,"report_hide":0,"reqd":0,"bold":0,"in_global_search":0,"collapsible":0,"unique":0,"no_copy":0,"allow_on_submit":0,"show_preview_popup":0,"permlevel":0,"ignore_user_permissions":0,"columns":0,"in_list_view":0,"fetch_if_empty":0,"in_filter":0,"remember_last_selected_value":0,"ignore_xss_filter":0,"print_hide_if_no_value":0,"allow_bulk_edit":0,"in_standard_filter":0,"in_preview":0,"read_only":0,"precision":"","length":0,"translatable":0,"hide_border":0,"hide_days":0,"hide_seconds":0,"doctype":"DocField"},{"name":"1f6d8ff1c0","creation":"2020-07-20 14:28:01.890395","modified":"2020-08-05 12:21:18.553360","modified_by":"Administrator","owner":"Administrator","docstatus":0,"parent":"Quality Rejection Action","parentfield":"fields","parenttype":"DocType","idx":11,"fieldname":"correctivepreventive","label":"Corrective/Preventive","fieldtype":"Select","options":"\\nCorrective\\nPreventive","search_index":0,"hidden":0,"set_only_once":0,"allow_in_quick_entry":0,"print_hide":0,"report_hide":0,"reqd":0,"bold":0,"in_global_search":0,"collapsible":0,"unique":0,"no_copy":0,"allow_on_submit":0,"show_preview_popup":0,"permlevel":0,"ignore_user_permissions":0,"columns":0,"in_list_view":0,"fetch_if_empty":0,"in_filter":0,"remember_last_selected_value":0,"ignore_xss_filter":0,"print_hide_if_no_value":0,"allow_bulk_edit":0,"in_standard_filter":0,"in_preview":0,"read_only":0,"length":0,"translatable":0,"hide_border":0,"hide_days":0,"hide_seconds":0,"doctype":"DocField"},{"name":"ceba8d073c","creation":"2020-07-20 14:28:01.890395","modified":"2020-08-05 12:21:18.553360","modified_by":"Administrator","owner":"Administrator","docstatus":0,"parent":"Quality Rejection Action","parentfield":"fields","parenttype":"DocType","idx":12,"fieldname":"corrective_user","label":"Assign To Corrective User ","fieldtype":"Link","options":"User","search_index":0,"hidden":0,"set_only_once":0,"allow_in_quick_entry":0,"print_hide":0,"report_hide":0,"reqd":0,"bold":0,"in_global_search":0,"collapsible":0,"unique":0,"no_copy":0,"allow_on_submit":0,"show_preview_popup":0,"permlevel":0,"ignore_user_permissions":0,"columns":0,"in_list_view":0,"fetch_if_empty":0,"in_filter":0,"remember_last_selected_value":0,"ignore_xss_filter":0,"print_hide_if_no_value":0,"allow_bulk_edit":0,"in_standard_filter":0,"in_preview":0,"read_only":0,"precision":"","length":0,"translatable":0,"hide_border":0,"hide_days":0,"hide_seconds":0,"doctype":"DocField"},{"name":"19dde50826","creation":"2020-07-20 14:28:01.890395","modified":"2020-08-05 12:21:18.553360","modified_by":"Administrator","owner":"Administrator","docstatus":0,"parent":"Quality Rejection Action","parentfield":"fields","parenttype":"DocType","idx":13,"fieldname":"preventive_user","label":"Assign To Preventive User ","fieldtype":"Link","options":"User","search_index":0,"hidden":0,"set_only_once":0,"allow_in_quick_entry":0,"print_hide":0,"report_hide":0,"reqd":0,"bold":0,"in_global_search":0,"collapsible":0,"unique":0,"no_copy":0,"allow_on_submit":0,"show_preview_popup":0,"permlevel":0,"ignore_user_permissions":0,"columns":0,"in_list_view":0,"fetch_if_empty":0,"in_filter":0,"remember_last_selected_value":0,"ignore_xss_filter":0,"print_hide_if_no_value":0,"allow_bulk_edit":0,"in_standard_filter":0,"in_preview":0,"read_only":0,"precision":"","length":0,"translatable":0,"hide_border":0,"hide_days":0,"hide_seconds":0,"doctype":"DocField"},{"name":"a3b6bb8d09","creation":"2020-07-20 14:28:01.890395","modified":"2020-08-05 12:21:18.553360","modified_by":"Administrator","owner":"Administrator","docstatus":0,"parent":"Quality Rejection Action","parentfield":"fields","parenttype":"DocType","idx":14,"fieldname":"comments","label":"Comments","fieldtype":"Text","search_index":0,"hidden":0,"set_only_once":0,"allow_in_quick_entry":0,"print_hide":0,"report_hide":0,"reqd":0,"bold":0,"in_global_search":0,"collapsible":0,"unique":0,"no_copy":0,"allow_on_submit":0,"show_preview_popup":0,"permlevel":0,"ignore_user_permissions":0,"columns":0,"in_list_view":0,"fetch_if_empty":0,"in_filter":0,"remember_last_selected_value":0,"ignore_xss_filter":0,"print_hide_if_no_value":0,"allow_bulk_edit":0,"in_standard_filter":0,"in_preview":0,"read_only":0,"precision":"","length":0,"translatable":0,"hide_border":0,"hide_days":0,"hide_seconds":0,"doctype":"DocField"},{"name":"698a0d0e86","creation":"2020-07-20 14:28:01.890395","modified":"2020-08-05 12:21:18.553360","modified_by":"Administrator","owner":"Administrator","docstatus":0,"parent":"Quality Rejection Action","parentfield":"fields","parenttype":"DocType","idx":15,"fieldname":"comments_section","label":"","fieldtype":"Section Break","search_index":0,"hidden":0,"set_only_once":0,"allow_in_quick_entry":0,"print_hide":0,"report_hide":0,"reqd":0,"bold":0,"in_global_search":0,"collapsible":0,"unique":0,"no_copy":0,"allow_on_submit":0,"show_preview_popup":0,"permlevel":0,"ignore_user_permissions":0,"columns":0,"in_list_view":0,"fetch_if_empty":0,"in_filter":0,"remember_last_selected_value":0,"ignore_xss_filter":0,"print_hide_if_no_value":0,"allow_bulk_edit":0,"in_standard_filter":0,"in_preview":0,"read_only":0,"precision":"","length":0,"translatable":0,"hide_border":0,"hide_days":0,"hide_seconds":0,"doctype":"DocField"},{"name":"f29079dc75","creation":"2020-07-20 14:28:01.890395","modified":"2020-08-05 12:21:18.553360","modified_by":"Administrator","owner":"Administrator","docstatus":0,"parent":"Quality Rejection Action","parentfield":"fields","parenttype":"DocType","idx":16,"fieldname":"status","label":"Status","fieldtype":"Select","options":"Draft\\nRoot Cause Analysis Progess\\nProcessing\\nClosed","search_index":0,"hidden":0,"set_only_once":0,"allow_in_quick_entry":0,"print_hide":0,"report_hide":0,"reqd":0,"bold":0,"in_global_search":0,"collapsible":0,"unique":0,"no_copy":0,"allow_on_submit":0,"show_preview_popup":0,"permlevel":0,"ignore_user_permissions":0,"columns":0,"in_list_view":1,"fetch_if_empty":0,"in_filter":0,"remember_last_selected_value":0,"ignore_xss_filter":0,"print_hide_if_no_value":0,"allow_bulk_edit":0,"in_standard_filter":0,"in_preview":0,"read_only":0,"length":0,"translatable":0,"hide_border":0,"hide_days":0,"hide_seconds":0,"doctype":"DocField"}],"permissions":[{"name":"5c7fd36149","creation":"2020-07-20 14:28:01.890395","modified":"2020-08-05 12:21:18.553360","modified_by":"Administrator","owner":"Administrator","docstatus":0,"parent":"Quality Rejection Action","parentfield":"permissions","parenttype":"DocType","idx":1,"permlevel":0,"role":"System Manager","read":1,"write":1,"create":1,"submit":0,"cancel":0,"delete":1,"amend":0,"report":1,"export":1,"import":0,"share":1,"print":1,"email":1,"if_owner":0,"set_user_permissions":0,"doctype":"DocPerm"},{"name":"c8f1f15641","creation":"2020-07-20 14:28:01.890395","modified":"2020-08-05 12:21:18.553360","modified_by":"Administrator","owner":"Administrator","docstatus":0,"parent":"Quality Rejection Action","parentfield":"permissions","parenttype":"DocType","idx":2,"permlevel":0,"role":"Quality Manager","read":1,"write":1,"create":1,"submit":0,"cancel":0,"delete":1,"amend":0,"report":1,"export":1,"import":0,"share":1,"print":1,"email":1,"if_owner":0,"set_user_permissions":0,"doctype":"DocPerm"}],"actions":[],"links":[],"__last_sync_on":"2020-08-05T09:04:04.512Z","__unsaved":1}', 'action': 'Save', 'cmd': 'frappe.desk.form.save.savedocs'}
2020-08-05 14:37:48,564 ERROR frappe New Exception collected with id: 2020-08-05 14:37:48.175360-127.0.0.1-080
Site: erpnext_dev
Form Dict: {'doctype': 'Quality Rejection Action', 'with_parent': '1', 'cached_timestamp': '2020-08-05 12:21:18.553360', 'cmd': 'frappe.desk.form.load.getdoctype'}
2020-08-05 14:38:45,559 ERROR frappe New Exception collected with id: 2020-08-05 14:38:45.163690-127.0.0.1-a35
Site: erpnext_dev
Form Dict: {'doctype': 'Quality Rejection Action', 'with_parent': '1', 'cached_timestamp': '2020-08-05 12:21:18.553360', 'cmd': 'frappe.desk.form.load.getdoctype'}
2020-08-05 14:44:33,713 ERROR frappe New Exception collected with id: 2020-08-05 14:44:33.563145-127.0.0.1-c25
Site: erpnext_dev
Form Dict: {'doc': '{"docstatus":0,"doctype":"Quality Rejection Action","name":"New Quality Rejection Action 1","__islocal":1,"__unsaved":1,"owner":"Administrator","correctivepreventive":"","status":"Draft","quality_rejection_number":"QR-00023","work_order":"MFG-WO-2020-00001","rejection_cause":"Machine miss-alignment","rejected_quantity":4,"shift":null,"operator":null,"root_cause_analysis":[{"docstatus":0,"doctype":"Root Analysis","name":"New Root Analysis 1","__islocal":1,"__unsaved":1,"owner":"Administrator","parent":"New Quality Rejection Action 1","parentfield":"root_cause_analysis","parenttype":"Quality Rejection Action","idx":1,"__unedited":false,"assign_to":"def@gmail.com"}]}', 'action': 'Save', 'cmd': 'frappe.desk.form.save.savedocs'}
2020-08-05 14:45:42,227 ERROR frappe New Exception collected with id: 2020-08-05 14:45:42.075633-127.0.0.1-353
Site: erpnext_dev
Form Dict: {'doc': '{"docstatus":0,"doctype":"Quality Rejection Action","name":"New Quality Rejection Action 1","__islocal":1,"__unsaved":1,"owner":"Administrator","correctivepreventive":"","status":"Draft","quality_rejection_number":"QR-00023","work_order":"MFG-WO-2020-00001","rejection_cause":"Machine miss-alignment","rejected_quantity":4,"shift":null,"operator":null,"root_cause_analysis":[{"docstatus":0,"doctype":"Root Analysis","name":"New Root Analysis 1","__islocal":1,"__unsaved":1,"owner":"Administrator","parent":"New Quality Rejection Action 1","parentfield":"root_cause_analysis","parenttype":"Quality Rejection Action","idx":1,"__unedited":false,"assign_to":"def@gmail.com"}]}', 'action': 'Save', 'cmd': 'frappe.desk.form.save.savedocs'}
2020-08-05 14:46:40,964 ERROR frappe New Exception collected with id: 2020-08-05 14:46:40.825543-127.0.0.1-cb7
Site: erpnext_dev
Form Dict: {'doc': '{"docstatus":0,"doctype":"Quality Rejection Action","name":"New Quality Rejection Action 1","__islocal":1,"__unsaved":1,"owner":"Administrator","correctivepreventive":"","status":"Draft","quality_rejection_number":"QR-00023","work_order":"MFG-WO-2020-00001","rejection_cause":"Machine miss-alignment","rejected_quantity":4,"shift":null,"operator":null,"root_cause_analysis":[{"docstatus":0,"doctype":"Root Analysis","name":"New Root Analysis 1","__islocal":1,"__unsaved":1,"owner":"Administrator","parent":"New Quality Rejection Action 1","parentfield":"root_cause_analysis","parenttype":"Quality Rejection Action","idx":1,"__unedited":false,"assign_to":"def@gmail.com"}]}', 'action': 'Save', 'cmd': 'frappe.desk.form.save.savedocs'}
2020-08-05 14:51:03,308 ERROR frappe New Exception collected with id: 2020-08-05 14:51:03.165104-127.0.0.1-fae
Site: erpnext_dev
Form Dict: {'doc': '{"docstatus":0,"doctype":"Quality Rejection Action","name":"New Quality Rejection Action 1","__islocal":1,"__unsaved":1,"owner":"Administrator","correctivepreventive":"","status":"Draft","quality_rejection_number":"QR-00023","work_order":"MFG-WO-2020-00001","rejection_cause":"Machine miss-alignment","rejected_quantity":4,"shift":null,"operator":null,"root_cause_analysis":[{"docstatus":0,"doctype":"Root Analysis","name":"New Root Analysis 1","__islocal":1,"__unsaved":1,"owner":"Administrator","parent":"New Quality Rejection Action 1","parentfield":"root_cause_analysis","parenttype":"Quality Rejection Action","idx":1,"__unedited":false,"assign_to":"def@gmail.com"}]}', 'action': 'Save', 'cmd': 'frappe.desk.form.save.savedocs'}
2020-08-05 15:15:30,348 ERROR frappe New Exception collected with id: 2020-08-05 15:15:30.170907-127.0.0.1-763
Site: erpnext_dev
Form Dict: {'doc': '{"docstatus":0,"doctype":"Quality Rejection Action","name":"New Quality Rejection Action 4","__islocal":1,"__unsaved":1,"owner":"Administrator","correctivepreventive":"Corrective","status":"Draft","quality_rejection_number":"QR-00025","work_order":"MFG-WO-2020-00001","rejection_cause":null,"rejected_quantity":14,"shift":null,"operator":null,"corrective_user":"abc@gmail.com","preventive_user":"def@gmail.com","root_cause_analysis":[{"docstatus":0,"doctype":"Root Analysis","name":"New Root Analysis 5","__islocal":1,"__unsaved":1,"owner":"Administrator","parent":"New Quality Rejection Action 4","parentfield":"root_cause_analysis","parenttype":"Quality Rejection Action","idx":1,"__unedited":false,"assign_to":"abc@gmail.com"}]}', 'action': 'Save', 'cmd': 'frappe.desk.form.save.savedocs'}
2020-08-05 16:10:32,907 ERROR frappe New Exception collected with id: 2020-08-05 16:10:32.738016-127.0.0.1-806
Site: erpnext_dev
Form Dict: {'doc': '{"docstatus":0,"doctype":"Quality Rejection Action","name":"New Quality Rejection Action 5","__islocal":1,"__unsaved":1,"owner":"Administrator","correctivepreventive":"","status":"Draft","quality_rejection_number":"QR-00020","work_order":"MFG-WO-2020-00001","rejection_cause":"Machine miss-alignment","rejected_quantity":6,"shift":null,"operator":null,"root_cause_analysis":[{"docstatus":0,"doctype":"Root Analysis","name":"New Root Analysis 6","__islocal":1,"__unsaved":1,"owner":"Administrator","parent":"New Quality Rejection Action 5","parentfield":"root_cause_analysis","parenttype":"Quality Rejection Action","idx":1,"__unedited":false,"assign_to":"abc@gmail.com"},{"docstatus":0,"doctype":"Root Analysis","name":"New Root Analysis 7","__islocal":1,"__unsaved":1,"owner":"Administrator","parent":"New Quality Rejection Action 5","parentfield":"root_cause_analysis","parenttype":"Quality Rejection Action","idx":2,"__unedited":false,"assign_to":"def@gmail.com"}]}', 'action': 'Save', 'cmd': 'frappe.desk.form.save.savedocs'}
2020-08-05 16:10:55,135 ERROR frappe New Exception collected with id: 2020-08-05 16:10:55.001325-127.0.0.1-62e
Site: erpnext_dev
Form Dict: {'doc': '{"docstatus":0,"doctype":"Quality Rejection Action","name":"New Quality Rejection Action 5","__islocal":1,"__unsaved":1,"owner":"Administrator","correctivepreventive":"","status":"Draft","quality_rejection_number":"QR-00020","work_order":"MFG-WO-2020-00001","rejection_cause":"Machine miss-alignment","rejected_quantity":6,"shift":null,"operator":null,"root_cause_analysis":[{"docstatus":0,"doctype":"Root Analysis","name":"New Root Analysis 6","__islocal":1,"__unsaved":1,"owner":"Administrator","parent":"New Quality Rejection Action 5","parentfield":"root_cause_analysis","parenttype":"Quality Rejection Action","idx":1,"__unedited":false,"assign_to":"abc@gmail.com"},{"docstatus":0,"doctype":"Root Analysis","name":"New Root Analysis 7","__islocal":1,"__unsaved":1,"owner":"Administrator","parent":"New Quality Rejection Action 5","parentfield":"root_cause_analysis","parenttype":"Quality Rejection Action","idx":2,"__unedited":false,"assign_to":"def@gmail.com"}]}', 'action': 'Save', 'cmd': 'frappe.desk.form.save.savedocs'}
2020-08-05 16:13:35,979 ERROR frappe New Exception collected with id: 2020-08-05 16:13:35.850894-127.0.0.1-21e
Site: erpnext_dev
Form Dict: {'doc': '{"docstatus":0,"doctype":"Quality Rejection Action","name":"New Quality Rejection Action 5","__islocal":1,"__unsaved":1,"owner":"Administrator","correctivepreventive":"","status":"Draft","quality_rejection_number":"QR-00020","work_order":"MFG-WO-2020-00001","rejection_cause":"Machine miss-alignment","rejected_quantity":6,"shift":null,"operator":null,"root_cause_analysis":[{"docstatus":0,"doctype":"Root Analysis","name":"New Root Analysis 6","__islocal":1,"__unsaved":1,"owner":"Administrator","parent":"New Quality Rejection Action 5","parentfield":"root_cause_analysis","parenttype":"Quality Rejection Action","idx":1,"__unedited":false,"assign_to":"abc@gmail.com"},{"docstatus":0,"doctype":"Root Analysis","name":"New Root Analysis 7","__islocal":1,"__unsaved":1,"owner":"Administrator","parent":"New Quality Rejection Action 5","parentfield":"root_cause_analysis","parenttype":"Quality Rejection Action","idx":2,"__unedited":false,"assign_to":"def@gmail.com"}]}', 'action': 'Save', 'cmd': 'frappe.desk.form.save.savedocs'}
2020-08-05 16:45:06,138 ERROR frappe New Exception collected with id: 2020-08-05 16:45:05.956633-127.0.0.1-137
Site: erpnext_dev
Form Dict: {'doc': '{"docstatus":0,"doctype":"Quality Rejection Action","name":"New Quality Rejection Action 5","__islocal":1,"__unsaved":1,"owner":"Administrator","correctivepreventive":"","status":"Draft","quality_rejection_number":"QR-00020","work_order":"MFG-WO-2020-00001","rejection_cause":"Machine miss-alignment","rejected_quantity":6,"shift":null,"operator":null,"root_cause_analysis":[{"docstatus":0,"doctype":"Root Analysis","name":"New Root Analysis 6","__islocal":1,"__unsaved":1,"owner":"Administrator","parent":"New Quality Rejection Action 5","parentfield":"root_cause_analysis","parenttype":"Quality Rejection Action","idx":1,"__unedited":false,"assign_to":"abc@gmail.com"},{"docstatus":0,"doctype":"Root Analysis","name":"New Root Analysis 7","__islocal":1,"__unsaved":1,"owner":"Administrator","parent":"New Quality Rejection Action 5","parentfield":"root_cause_analysis","parenttype":"Quality Rejection Action","idx":2,"__unedited":false,"assign_to":"def@gmail.com"}]}', 'action': 'Save', 'cmd': 'frappe.desk.form.save.savedocs'}
